<?xml version="1.0" encoding="UTF-8"?>
<!-- Generated by org.testng.reporters.JUnitReportReporter -->
<testsuite hostname="KRT-laptop" failures="0" tests="1" name="com.banking.tests.LoginTest" time="37.290" errors="0" timestamp="2025-09-08T17:40:59 IST" skipped="0">
  <testcase classname="com.banking.tests.LoginTest" name="verifyTitleContainsParaBank" time="37.290"/>
</testsuite> <!-- com.banking.tests.LoginTest -->
