<?xml version="1.0" encoding="UTF-8"?>
<!-- Generated by org.testng.reporters.JUnitReportReporter -->
<testsuite hostname="KRT-laptop" failures="0" tests="1" name="com.banking.tests.OpenAccountTest" time="33.338" errors="0" timestamp="2025-09-08T17:40:59 IST" skipped="0">
  <testcase classname="com.banking.tests.OpenAccountTest" name="openNewAccount" time="33.338"/>
</testsuite> <!-- com.banking.tests.OpenAccountTest -->
