<?xml version="1.0" encoding="UTF-8"?>
<!-- Generated by org.testng.reporters.JUnitReportReporter -->
<testsuite hostname="KRT-laptop" failures="0" tests="1" name="com.banking.tests.RegisterTest" time="18.603" errors="0" timestamp="2025-09-08T17:40:59 IST" skipped="0">
  <testcase classname="com.banking.tests.RegisterTest" name="testUserRegistration" time="18.603"/>
</testsuite> <!-- com.banking.tests.RegisterTest -->
