<?xml version="1.0" encoding="UTF-8"?>
<!-- Generated by org.testng.reporters.JUnitReportReporter -->
<testsuite hostname="KRT-laptop" failures="0" tests="1" name="com.banking.tests.BillPaymentTest" time="4.183" errors="0" timestamp="2025-09-08T17:40:59 IST" skipped="0">
  <testcase classname="com.banking.tests.BillPaymentTest" name="payBill" time="4.183"/>
</testsuite> <!-- com.banking.tests.BillPaymentTest -->
