<?xml version="1.0" encoding="UTF-8"?>
<!-- Generated by org.testng.reporters.JUnitReportReporter -->
<testsuite hostname="KRT-laptop" failures="0" tests="2" name="advTestNg.GroupingDemo" time="0.019" errors="0" timestamp="2025-08-20T22:13:24 IST" skipped="0">
  <testcase classname="advTestNg.GroupingDemo" name="test4" time="0.002"/>
  <system-out/>
  <testcase classname="advTestNg.GroupingDemo" name="test1" time="0.017"/>
  <system-out/>
</testsuite> <!-- advTestNg.GroupingDemo -->
