<?xml version="1.0" encoding="UTF-8"?>
<!-- Generated by org.testng.reporters.JUnitReportReporter -->
<testsuite hostname="KRT-laptop" failures="0" tests="1" name="v2.Test1" time="0.233" errors="0" timestamp="2025-08-20T07:42:09 IST" skipped="0">
  <testcase classname="v2.Test1" name="firstTest" time="0.233"/>
  <system-out/>
</testsuite> <!-- v2.Test1 -->
