<?xml version="1.0" encoding="UTF-8"?>
<!-- Generated by org.testng.reporters.JUnitReportReporter -->
<testsuite hostname="KRT-laptop" failures="0" tests="6" name="tests.MultiThreadTest" time="0.031" errors="0" timestamp="2025-08-21T21:25:10 IST" skipped="0">
  <testcase classname="tests.MultiThreadTest" name="testMultiThread" time="0.001"/>
  <system-out/>
  <testcase classname="tests.MultiThreadTest" name="testMultiThread" time="0.006"/>
  <system-out/>
  <testcase classname="tests.MultiThreadTest" name="testMultiThread" time="0.008"/>
  <system-out/>
  <testcase classname="tests.MultiThreadTest" name="testMultiThread" time="0.010"/>
  <system-out/>
  <testcase classname="tests.MultiThreadTest" name="testMultiThread" time="0.003"/>
  <system-out/>
  <testcase classname="tests.MultiThreadTest" name="testMultiThread" time="0.003"/>
  <system-out/>
</testsuite> <!-- tests.MultiThreadTest -->
