<?xml version="1.0" encoding="UTF-8"?>
<!-- Generated by org.testng.reporters.JUnitReportReporter -->
<testsuite hostname="KRT-laptop" failures="0" tests="1" name="tests.ParamTest" time="4.888" errors="0" timestamp="2025-08-21T21:25:10 IST" skipped="0">
  <testcase classname="tests.ParamTest" name="openSite" time="4.888"/>
  <system-out/>
</testsuite> <!-- tests.ParamTest -->
