<?xml version="1.0" encoding="UTF-8"?>
<!-- Generated by org.testng.reporters.JUnitReportReporter -->
<testsuite hostname="KRT-laptop" failures="0" tests="2" name="tests.AssertionTest" time="2.563" errors="0" timestamp="2025-08-21T21:25:10 IST" skipped="0">
  <testcase classname="tests.AssertionTest" name="testTitle" time="2.562"/>
  <system-out/>
  <testcase classname="tests.AssertionTest" name="verifySomething" time="0.001"/>
  <system-out/>
</testsuite> <!-- tests.AssertionTest -->
