<?xml version="1.0" encoding="UTF-8"?>
<!-- Generated by org.testng.reporters.JUnitReportReporter -->
<testsuite hostname="KRT-laptop" failures="0" tests="2" name="tests.DataProvidersTest" time="0.003" errors="0" timestamp="2025-08-21T21:25:10 IST" skipped="0">
  <testcase classname="tests.DataProvidersTest" name="testLogin" time="0.002"/>
  <system-out/>
  <testcase classname="tests.DataProvidersTest" name="testLogin" time="0.001"/>
  <system-out/>
</testsuite> <!-- tests.DataProvidersTest -->
