<?xml version="1.0" encoding="UTF-8"?>
<!-- Generated by org.testng.reporters.JUnitReportReporter -->
<testsuite hostname="KRT-laptop" failures="0" tests="1" name="tests.ExtentReportTest" time="1.062" errors="0" timestamp="2025-08-21T21:25:10 IST" skipped="0">
  <testcase classname="tests.ExtentReportTest" name="demoReport" time="1.062"/>
  <system-out/>
</testsuite> <!-- tests.ExtentReportTest -->
