<?xml version="1.0" encoding="UTF-8"?>
<!-- Generated by org.testng.reporters.JUnitReportReporter -->
<testsuite hostname="KRT-laptop" failures="0" tests="1" name="LoggerEx.LoggerDemo" time="4.645" errors="0" timestamp="2025-08-20T21:12:00 IST" skipped="0">
  <testcase classname="LoggerEx.LoggerDemo" name="testLogin" time="4.645"/>
  <system-out/>
</testsuite> <!-- LoggerEx.LoggerDemo -->
