<?xml version="1.0" encoding="UTF-8"?>
<!-- Generated by org.testng.reporters.JUnitReportReporter -->
<testsuite hostname="KRT-laptop" failures="0" tests="1" name="LoggerEx.LoggerExamp" time="0.377" errors="0" timestamp="2025-08-20T21:32:43 IST" skipped="0">
  <testcase classname="LoggerEx.LoggerExamp" name="firstTest" time="0.377"/>
  <system-out/>
</testsuite> <!-- LoggerEx.LoggerExamp -->
